<?xml version="1.0" encoding="UTF-8"?>
<!-- Generated by org.testng.reporters.JUnitReportReporter -->
<testsuite skipped="0" hostname="LAPTOP-E9DP2LG2" name="com.syntax.lsu.testcases.LoginTextWithOutPageF" tests="1" failures="0" timestamp="14 Jun 2019 03:02:02 GMT" time="7.836" errors="0">
  <testcase name="loginWithOutPf" time="7.836" classname="com.syntax.lsu.testcases.LoginTextWithOutPageF"/>
</testsuite> <!-- com.syntax.lsu.testcases.LoginTextWithOutPageF -->
