<?xml version="1.0" encoding="UTF-8"?>
<!-- Generated by org.testng.reporters.JUnitReportReporter -->
<testsuite skipped="0" hostname="LAPTOP-E9DP2LG2" name="com.syntax.lsu.testcases.LoginPageTestCases" tests="2" failures="0" timestamp="14 Jun 2019 02:31:40 GMT" time="14.330" errors="0">
  <testcase name="login" time="7.300" classname="com.syntax.lsu.testcases.LoginPageTestCases"/>
  <testcase name="loginWithInvalidCrdls" time="7.030" classname="com.syntax.lsu.testcases.LoginPageTestCases"/>
</testsuite> <!-- com.syntax.lsu.testcases.LoginPageTestCases -->
