<?xml version="1.0" encoding="UTF-8"?>
<!-- Generated by org.testng.reporters.JUnitReportReporter -->
<testsuite skipped="0" hostname="LAPTOP-E9DP2LG2" name="com.syntax.lsu.testcases.ExcelUtility" tests="1" failures="0" timestamp="20 Jun 2019 01:24:21 GMT" time="1.351" errors="0">
  <testcase name="readExcelData" time="1.351" classname="com.syntax.lsu.testcases.ExcelUtility"/>
</testsuite> <!-- com.syntax.lsu.testcases.ExcelUtility -->
