<?xml version="1.0" encoding="UTF-8"?>
<!-- Generated by org.testng.reporters.JUnitReportReporter -->
<testsuite skipped="0" hostname="LAPTOP-E9DP2LG2" name="com.syntax.lsu.pages.LoginPageWithInvC" tests="1" failures="0" timestamp="14 Jun 2019 02:38:01 GMT" time="6.861" errors="0">
  <testcase name="loginWithInvC" time="6.861" classname="com.syntax.lsu.pages.LoginPageWithInvC"/>
</testsuite> <!-- com.syntax.lsu.pages.LoginPageWithInvC -->
